<?xml version="1.0" encoding="UTF-8"?>
<testsuites name="TS001_Login" time="37.027" tests="5" failures="0" errors="0">
   <testsuite name="TS001_Login" tests="5" failures="0" errors="0" time="37.027" timestamp="2020-09-30 17:14:55" hostname="duyvt - linux" id="Test Suites/TS001_Login">
      <properties>
         <property name="deviceName" value=""/>
         <property name="devicePlatform" value=""/>
         <property name="logFolder" value="/home/duyvt/Katalon Studio/lab02/Reports/20200930_171447/TS001_Login/20200930_171447"/>
         <property name="logFiles" value="/home/duyvt/Katalon Studio/lab02/Reports/20200930_171447/TS001_Login/20200930_171447/execution0.log"/>
         <property name="attachments" value=""/>
         <property name="hostName" value="duyvt - linux"/>
         <property name="os" value="Linux 64bit"/>
         <property name="katalonVersion" value="7.7.0.205"/>
         <property name="browser" value="Chrome 85.0.4183.121"/>
         <property name="hostAddress" value="127.0.1.1"/>
         <property name="sessionId" value="50b4153d02ee3c45dca5590fc45ad276"/>
         <property name="seleniumVersion" value="3.141.59"/>
         <property name="proxyInformation" value="ProxyInformation { proxyOption=NO_PROXY, proxyServerType=HTTP, username=, password=********, proxyServerAddress=, proxyServerPort=0, executionList=&quot;&quot;, isApplyToDesiredCapabilities=true }"/>
         <property name="platform" value="Linux"/>
      </properties>
      <testcase name="Test Cases/TC003_PasswordBlank" time="7.332" classname="Test Cases/TC003_PasswordBlank" status="PASSED">
         <system-out><![CDATA[2020-09-30 17:14:55 - [TEST_CASE][PASSED] - Test Cases/TC003_PasswordBlank: Test Cases/TC003_PasswordBlank

2020-09-30 17:14:55 - [TEST_STEP][PASSED] - openBrowser(""): Browser is opened with url: ''

2020-09-30 17:14:55 - [MESSAGE][INFO] - Starting 'Chrome' driver

2020-09-30 17:14:55 - [MESSAGE][INFO] - Action delay is set to 0 milliseconds

2020-09-30 17:14:56 - [MESSAGE][PASSED] - Browser is opened with url: ''

2020-09-30 17:14:56 - [TEST_STEP][PASSED] - navigateToUrl("https://katalon-demo-cura.herokuapp.com/profile.php#login"): Navigate to 'https://katalon-demo-cura.herokuapp.com/profile.php#login' successfully

2020-09-30 17:15:00 - [MESSAGE][PASSED] - Navigate to 'https://katalon-demo-cura.herokuapp.com/profile.php#login' successfully

2020-09-30 17:15:00 - [TEST_STEP][PASSED] - setText(findTestObject("Object Repository/TC003_PasswordBlank/Page_CURA Healthcare Service/input_Username_username"), username): Text 'John Doe' is set on object 'Object Repository/TC003_PasswordBlank/Page_CURA Healthcare Service/input_Username_username'

2020-09-30 17:15:00 - [MESSAGE][PASSED] - Text 'John Doe' is set on object 'Object Repository/TC003_PasswordBlank/Page_CURA Healthcare Service/input_Username_username'

2020-09-30 17:15:00 - [TEST_STEP][PASSED] - click(findTestObject("Object Repository/TC003_PasswordBlank/Page_CURA Healthcare Service/button_Login")): Object: 'Object Repository/TC003_PasswordBlank/Page_CURA Healthcare Service/button_Login' is clicked on

2020-09-30 17:15:01 - [MESSAGE][PASSED] - Object: 'Object Repository/TC003_PasswordBlank/Page_CURA Healthcare Service/button_Login' is clicked on

2020-09-30 17:15:01 - [TEST_STEP][PASSED] - waitForElementPresent(findTestObject("TC001_LoginFieldBlank/Page_CURA Healthcare Service/p_Login failed Please ensure the username a_eb55b5"), 10): Object 'Object Repository/TC001_LoginFieldBlank/Page_CURA Healthcare Service/p_Login failed Please ensure the username a_eb55b5' is present

2020-09-30 17:15:02 - [MESSAGE][PASSED] - Object 'Object Repository/TC001_LoginFieldBlank/Page_CURA Healthcare Service/p_Login failed Please ensure the username a_eb55b5' is present

2020-09-30 17:15:02 - [TEST_STEP][PASSED] - verifyElementText(findTestObject("Object Repository/TC001_LoginFieldBlank/Page_CURA Healthcare Service/p_Login failed Please ensure the username a_eb55b5"), "Login failed! Please ensure the username and password are valid."): Actual text and expected text of test object 'Object Repository/TC001_LoginFieldBlank/Page_CURA Healthcare Service/p_Login failed Please ensure the username a_eb55b5' are matched.

2020-09-30 17:15:02 - [MESSAGE][PASSED] - Actual text and expected text of test object 'Object Repository/TC001_LoginFieldBlank/Page_CURA Healthcare Service/p_Login failed Please ensure the username a_eb55b5' are matched.

2020-09-30 17:15:02 - [TEST_STEP][PASSED] - closeBrowser(): Browser is closed

2020-09-30 17:15:02 - [MESSAGE][PASSED] - Browser is closed]]></system-out>
         <system-err><![CDATA[]]></system-err>
      </testcase>
      <testcase name="Test Cases/TC004_WrongPassword" time="8.976" classname="Test Cases/TC004_WrongPassword" status="PASSED">
         <system-out><![CDATA[2020-09-30 17:15:02 - [TEST_CASE][PASSED] - Test Cases/TC004_WrongPassword: Test Cases/TC004_WrongPassword

2020-09-30 17:15:02 - [TEST_STEP][PASSED] - openBrowser(""): Browser is opened with url: ''

2020-09-30 17:15:02 - [MESSAGE][INFO] - Starting 'Chrome' driver

2020-09-30 17:15:02 - [MESSAGE][INFO] - Action delay is set to 0 milliseconds

2020-09-30 17:15:03 - [MESSAGE][PASSED] - Browser is opened with url: ''

2020-09-30 17:15:03 - [TEST_STEP][PASSED] - navigateToUrl("https://katalon-demo-cura.herokuapp.com/profile.php#login"): Navigate to 'https://katalon-demo-cura.herokuapp.com/profile.php#login' successfully

2020-09-30 17:15:08 - [MESSAGE][PASSED] - Navigate to 'https://katalon-demo-cura.herokuapp.com/profile.php#login' successfully

2020-09-30 17:15:08 - [TEST_STEP][PASSED] - setText(findTestObject("Object Repository/TC004_WrongPassword/Page_CURA Healthcare Service/input_Username_username"), username): Text 'John Doe' is set on object 'Object Repository/TC004_WrongPassword/Page_CURA Healthcare Service/input_Username_username'

2020-09-30 17:15:09 - [MESSAGE][PASSED] - Text 'John Doe' is set on object 'Object Repository/TC004_WrongPassword/Page_CURA Healthcare Service/input_Username_username'

2020-09-30 17:15:09 - [TEST_STEP][PASSED] - setText(findTestObject("Object Repository/TC004_WrongPassword/Page_CURA Healthcare Service/input_Password_password"), password): Text 'ThisNotIsAPassword' is set on object 'Object Repository/TC004_WrongPassword/Page_CURA Healthcare Service/input_Password_password'

2020-09-30 17:15:09 - [MESSAGE][PASSED] - Text 'ThisNotIsAPassword' is set on object 'Object Repository/TC004_WrongPassword/Page_CURA Healthcare Service/input_Password_password'

2020-09-30 17:15:09 - [TEST_STEP][PASSED] - click(findTestObject("Object Repository/TC004_WrongPassword/Page_CURA Healthcare Service/button_Login")): Object: 'Object Repository/TC004_WrongPassword/Page_CURA Healthcare Service/button_Login' is clicked on

2020-09-30 17:15:10 - [MESSAGE][PASSED] - Object: 'Object Repository/TC004_WrongPassword/Page_CURA Healthcare Service/button_Login' is clicked on

2020-09-30 17:15:10 - [TEST_STEP][PASSED] - waitForElementPresent(findTestObject("TC004_WrongPassword/Page_CURA Healthcare Service/p_Login failed Please ensure the username a_eb55b5"), 10): Object 'Object Repository/TC004_WrongPassword/Page_CURA Healthcare Service/p_Login failed Please ensure the username a_eb55b5' is present

2020-09-30 17:15:11 - [MESSAGE][PASSED] - Object 'Object Repository/TC004_WrongPassword/Page_CURA Healthcare Service/p_Login failed Please ensure the username a_eb55b5' is present

2020-09-30 17:15:11 - [TEST_STEP][PASSED] - verifyElementText(findTestObject("Object Repository/TC001_LoginFieldBlank/Page_CURA Healthcare Service/p_Login failed Please ensure the username a_eb55b5"), "Login failed! Please ensure the username and password are valid."): Actual text and expected text of test object 'Object Repository/TC001_LoginFieldBlank/Page_CURA Healthcare Service/p_Login failed Please ensure the username a_eb55b5' are matched.

2020-09-30 17:15:11 - [MESSAGE][PASSED] - Actual text and expected text of test object 'Object Repository/TC001_LoginFieldBlank/Page_CURA Healthcare Service/p_Login failed Please ensure the username a_eb55b5' are matched.

2020-09-30 17:15:11 - [TEST_STEP][PASSED] - closeBrowser(): Browser is closed

2020-09-30 17:15:11 - [MESSAGE][PASSED] - Browser is closed]]></system-out>
         <system-err><![CDATA[]]></system-err>
      </testcase>
      <testcase name="Test Cases/TC001_LoginFieldBlank" time="5.446" classname="Test Cases/TC001_LoginFieldBlank" status="PASSED">
         <system-out><![CDATA[2020-09-30 17:15:11 - [TEST_CASE][PASSED] - Test Cases/TC001_LoginFieldBlank: Test Cases/TC001_LoginFieldBlank

2020-09-30 17:15:11 - [TEST_STEP][PASSED] - openBrowser(""): Browser is opened with url: ''

2020-09-30 17:15:11 - [MESSAGE][INFO] - Starting 'Chrome' driver

2020-09-30 17:15:11 - [MESSAGE][INFO] - Action delay is set to 0 milliseconds

2020-09-30 17:15:12 - [MESSAGE][PASSED] - Browser is opened with url: ''

2020-09-30 17:15:12 - [TEST_STEP][PASSED] - navigateToUrl("https://katalon-demo-cura.herokuapp.com/profile.php#login"): Navigate to 'https://katalon-demo-cura.herokuapp.com/profile.php#login' successfully

2020-09-30 17:15:15 - [MESSAGE][PASSED] - Navigate to 'https://katalon-demo-cura.herokuapp.com/profile.php#login' successfully

2020-09-30 17:15:15 - [TEST_STEP][PASSED] - click(findTestObject("Object Repository/TC001_LoginFieldBlank/Page_CURA Healthcare Service/button_Login")): Object: 'Object Repository/TC001_LoginFieldBlank/Page_CURA Healthcare Service/button_Login' is clicked on

2020-09-30 17:15:16 - [MESSAGE][PASSED] - Object: 'Object Repository/TC001_LoginFieldBlank/Page_CURA Healthcare Service/button_Login' is clicked on

2020-09-30 17:15:16 - [TEST_STEP][PASSED] - waitForElementPresent(findTestObject("TC001_LoginFieldBlank/Page_CURA Healthcare Service/p_Login failed Please ensure the username a_eb55b5"), 10): Object 'Object Repository/TC001_LoginFieldBlank/Page_CURA Healthcare Service/p_Login failed Please ensure the username a_eb55b5' is present

2020-09-30 17:15:16 - [MESSAGE][PASSED] - Object 'Object Repository/TC001_LoginFieldBlank/Page_CURA Healthcare Service/p_Login failed Please ensure the username a_eb55b5' is present

2020-09-30 17:15:16 - [TEST_STEP][PASSED] - verifyElementText(findTestObject("Object Repository/TC001_LoginFieldBlank/Page_CURA Healthcare Service/p_Login failed Please ensure the username a_eb55b5"), "Login failed! Please ensure the username and password are valid."): Actual text and expected text of test object 'Object Repository/TC001_LoginFieldBlank/Page_CURA Healthcare Service/p_Login failed Please ensure the username a_eb55b5' are matched.

2020-09-30 17:15:17 - [MESSAGE][PASSED] - Actual text and expected text of test object 'Object Repository/TC001_LoginFieldBlank/Page_CURA Healthcare Service/p_Login failed Please ensure the username a_eb55b5' are matched.

2020-09-30 17:15:17 - [TEST_STEP][PASSED] - closeBrowser(): Browser is closed

2020-09-30 17:15:17 - [MESSAGE][PASSED] - Browser is closed]]></system-out>
         <system-err><![CDATA[]]></system-err>
      </testcase>
      <testcase name="Test Cases/TC002_UsernameBlank" time="6.52" classname="Test Cases/TC002_UsernameBlank" status="PASSED">
         <system-out><![CDATA[2020-09-30 17:15:17 - [TEST_CASE][PASSED] - Test Cases/TC002_UsernameBlank: Test Cases/TC002_UsernameBlank

2020-09-30 17:15:17 - [TEST_STEP][PASSED] - openBrowser(""): Browser is opened with url: ''

2020-09-30 17:15:17 - [MESSAGE][INFO] - Starting 'Chrome' driver

2020-09-30 17:15:17 - [MESSAGE][INFO] - Action delay is set to 0 milliseconds

2020-09-30 17:15:17 - [MESSAGE][PASSED] - Browser is opened with url: ''

2020-09-30 17:15:17 - [TEST_STEP][PASSED] - navigateToUrl("https://katalon-demo-cura.herokuapp.com/profile.php#login"): Navigate to 'https://katalon-demo-cura.herokuapp.com/profile.php#login' successfully

2020-09-30 17:15:21 - [MESSAGE][PASSED] - Navigate to 'https://katalon-demo-cura.herokuapp.com/profile.php#login' successfully

2020-09-30 17:15:21 - [TEST_STEP][PASSED] - setText(findTestObject("Object Repository/TC002_UsernameBlank/Page_CURA Healthcare Service/input_Password_password"), password): Text 'ThisNotIsAPassword' is set on object 'Object Repository/TC002_UsernameBlank/Page_CURA Healthcare Service/input_Password_password'

2020-09-30 17:15:21 - [MESSAGE][PASSED] - Text 'ThisNotIsAPassword' is set on object 'Object Repository/TC002_UsernameBlank/Page_CURA Healthcare Service/input_Password_password'

2020-09-30 17:15:21 - [TEST_STEP][PASSED] - click(findTestObject("Object Repository/TC002_UsernameBlank/Page_CURA Healthcare Service/button_Login")): Object: 'Object Repository/TC002_UsernameBlank/Page_CURA Healthcare Service/button_Login' is clicked on

2020-09-30 17:15:22 - [MESSAGE][PASSED] - Object: 'Object Repository/TC002_UsernameBlank/Page_CURA Healthcare Service/button_Login' is clicked on

2020-09-30 17:15:22 - [TEST_STEP][PASSED] - waitForElementPresent(findTestObject("TC001_LoginFieldBlank/Page_CURA Healthcare Service/p_Login failed Please ensure the username a_eb55b5"), 10): Object 'Object Repository/TC001_LoginFieldBlank/Page_CURA Healthcare Service/p_Login failed Please ensure the username a_eb55b5' is present

2020-09-30 17:15:23 - [MESSAGE][PASSED] - Object 'Object Repository/TC001_LoginFieldBlank/Page_CURA Healthcare Service/p_Login failed Please ensure the username a_eb55b5' is present

2020-09-30 17:15:23 - [TEST_STEP][PASSED] - verifyElementText(findTestObject("Object Repository/TC001_LoginFieldBlank/Page_CURA Healthcare Service/p_Login failed Please ensure the username a_eb55b5"), "Login failed! Please ensure the username and password are valid."): Actual text and expected text of test object 'Object Repository/TC001_LoginFieldBlank/Page_CURA Healthcare Service/p_Login failed Please ensure the username a_eb55b5' are matched.

2020-09-30 17:15:23 - [MESSAGE][PASSED] - Actual text and expected text of test object 'Object Repository/TC001_LoginFieldBlank/Page_CURA Healthcare Service/p_Login failed Please ensure the username a_eb55b5' are matched.

2020-09-30 17:15:23 - [TEST_STEP][PASSED] - closeBrowser(): Browser is closed

2020-09-30 17:15:23 - [MESSAGE][PASSED] - Browser is closed]]></system-out>
         <system-err><![CDATA[]]></system-err>
      </testcase>
      <testcase name="Test Cases/TC005_SuccessLogin" time="8.333" classname="Test Cases/TC005_SuccessLogin" status="PASSED">
         <system-out><![CDATA[2020-09-30 17:15:23 - [TEST_CASE][PASSED] - Test Cases/TC005_SuccessLogin: Test Cases/TC005_SuccessLogin

2020-09-30 17:15:23 - [TEST_STEP][PASSED] - openBrowser(""): Browser is opened with url: ''

2020-09-30 17:15:23 - [MESSAGE][INFO] - Starting 'Chrome' driver

2020-09-30 17:15:23 - [MESSAGE][INFO] - Action delay is set to 0 milliseconds

2020-09-30 17:15:24 - [MESSAGE][PASSED] - Browser is opened with url: ''

2020-09-30 17:15:24 - [TEST_STEP][PASSED] - navigateToUrl("https://katalon-demo-cura.herokuapp.com/profile.php#login"): Navigate to 'https://katalon-demo-cura.herokuapp.com/profile.php#login' successfully

2020-09-30 17:15:28 - [MESSAGE][PASSED] - Navigate to 'https://katalon-demo-cura.herokuapp.com/profile.php#login' successfully

2020-09-30 17:15:28 - [TEST_STEP][PASSED] - setText(findTestObject("Object Repository/TC005_SuccessLogin/Page_CURA Healthcare Service/input_Username_username"), "John Doe"): Text 'John Doe' is set on object 'Object Repository/TC005_SuccessLogin/Page_CURA Healthcare Service/input_Username_username'

2020-09-30 17:15:29 - [MESSAGE][PASSED] - Text 'John Doe' is set on object 'Object Repository/TC005_SuccessLogin/Page_CURA Healthcare Service/input_Username_username'

2020-09-30 17:15:29 - [TEST_STEP][PASSED] - setEncryptedText(findTestObject("Object Repository/TC005_SuccessLogin/Page_CURA Healthcare Service/input_Password_password"), "g3/DOGG74jC3Flrr3yH+3D/yKbOqqUNM"): Text ****** has been set on object 'Object Repository/TC005_SuccessLogin/Page_CURA Healthcare Service/input_Password_password'

2020-09-30 17:15:29 - [MESSAGE][PASSED] - Text ****** has been set on object 'Object Repository/TC005_SuccessLogin/Page_CURA Healthcare Service/input_Password_password'

2020-09-30 17:15:29 - [TEST_STEP][PASSED] - click(findTestObject("Object Repository/TC005_SuccessLogin/Page_CURA Healthcare Service/button_Login")): Object: 'Object Repository/TC005_SuccessLogin/Page_CURA Healthcare Service/button_Login' is clicked on

2020-09-30 17:15:31 - [MESSAGE][PASSED] - Object: 'Object Repository/TC005_SuccessLogin/Page_CURA Healthcare Service/button_Login' is clicked on

2020-09-30 17:15:31 - [TEST_STEP][PASSED] - waitForElementPresent(findTestObject("TC005_SuccessLogin/Page_CURA Healthcare Service/h2_Make Appointment"), 10): Object 'Object Repository/TC005_SuccessLogin/Page_CURA Healthcare Service/h2_Make Appointment' is present

2020-09-30 17:15:31 - [MESSAGE][PASSED] - Object 'Object Repository/TC005_SuccessLogin/Page_CURA Healthcare Service/h2_Make Appointment' is present

2020-09-30 17:15:31 - [TEST_STEP][PASSED] - verifyElementText(findTestObject("Object Repository/TC005_SuccessLogin/Page_CURA Healthcare Service/h2_Make Appointment"), "Make Appointment"): Actual text and expected text of test object 'Object Repository/TC005_SuccessLogin/Page_CURA Healthcare Service/h2_Make Appointment' are matched.

2020-09-30 17:15:31 - [MESSAGE][PASSED] - Actual text and expected text of test object 'Object Repository/TC005_SuccessLogin/Page_CURA Healthcare Service/h2_Make Appointment' are matched.

2020-09-30 17:15:31 - [TEST_STEP][PASSED] - closeBrowser(): Browser is closed

2020-09-30 17:15:32 - [MESSAGE][PASSED] - Browser is closed]]></system-out>
         <system-err><![CDATA[]]></system-err>
      </testcase>
      <system-out><![CDATA[2020-09-30 17:14:55 - [TEST_SUITE][PASSED] - TS001_Login: Test Cases/TC005_SuccessLogin]]></system-out>
      <system-err><![CDATA[]]></system-err>
   </testsuite>
</testsuites>
